12월 23, 2014 4:11:41 오후 org.eclipse.birt.chart.device.swt.SwtDisplayServer <init>
정보: SWT Display Server: cocoa v4,430
12월 23, 2014 4:11:41 오후 org.eclipse.birt.chart.device.swt.R31Enhance <clinit>
정보: Advanced SWT graphics functions enabled.
12월 23, 2014 4:11:41 오후 org.eclipse.birt.chart.device.swt.SwtRendererImpl setProperty
정보: Using graphics context org.eclipse.swt.graphics.GC@GC {org.eclipse.swt.internal.cocoa.NSGraphicsContext{105553137642368}}
12월 23, 2014 4:11:41 오후 org.eclipse.birt.chart.script.AbstractScriptHandler register
정보: Trying to load Chart Java event handler class...
12월 23, 2014 4:11:41 오후 org.eclipse.birt.chart.script.AbstractScriptHandler register
정보: A Chart Java event handler class [class org.eclipse.mat.impl.chart.StorageUnitRenderScript] has been loaded successfully.
12월 23, 2014 4:11:41 오후 org.eclipse.birt.chart.render.EmptyWithoutAxes renderSeries
정보: org.eclipse.birt.chart.render.EmptyWithoutAxes: renderSeries() [1/2]
12월 23, 2014 4:11:41 오후 org.eclipse.birt.chart.extension.render.Pie renderSeries
정보: {0}: renderSeries() [{1}/{2}]org.eclipse.birt.chart.extension.render.Pie22
12월 23, 2014 4:11:47 오후 org.eclipse.birt.chart.device.swing.SwingDisplayServer <init>
정보: SWING Display Server: Oracle Corporation v1.8.0_20
12월 23, 2014 4:11:47 오후 org.eclipse.birt.chart.script.AbstractScriptHandler register
정보: Trying to load Chart Java event handler class...
12월 23, 2014 4:11:47 오후 org.eclipse.birt.chart.script.AbstractScriptHandler register
정보: A Chart Java event handler class [class org.eclipse.mat.impl.chart.LabelRenderScript] has been loaded successfully.
12월 23, 2014 4:11:47 오후 org.eclipse.birt.chart.device.swing.SwingRendererImpl prepareGraphicsContext
정보: Using graphics context sun.java2d.SunGraphics2D[font=java.awt.Font[family=Dialog,name=Dialog,style=plain,size=12],color=java.awt.Color[r=255,g=255,b=255]]
12월 23, 2014 4:11:47 오후 org.eclipse.birt.chart.render.EmptyWithoutAxes renderSeries
정보: org.eclipse.birt.chart.render.EmptyWithoutAxes: renderSeries() [1/2]
12월 23, 2014 4:11:47 오후 org.eclipse.birt.chart.extension.render.Pie renderSeries
정보: {0}: renderSeries() [{1}/{2}]org.eclipse.birt.chart.extension.render.Pie22
12월 23, 2014 4:11:48 오후 org.eclipse.birt.chart.device.image.JavaxImageIOWriter after
정보: Using {0} image writer {1}pngcom.sun.imageio.plugins.png.PNGImageWriter
12월 23, 2014 4:11:48 오후 org.eclipse.birt.chart.device.swing.SwingDisplayServer <init>
정보: SWING Display Server: Oracle Corporation v1.8.0_20
12월 23, 2014 4:11:48 오후 org.eclipse.birt.chart.script.AbstractScriptHandler register
정보: Trying to load Chart Java event handler class...
12월 23, 2014 4:11:48 오후 org.eclipse.birt.chart.script.AbstractScriptHandler register
정보: A Chart Java event handler class [class org.eclipse.mat.impl.chart.LabelRenderScript] has been loaded successfully.
12월 23, 2014 4:11:48 오후 org.eclipse.birt.chart.device.swing.SwingRendererImpl prepareGraphicsContext
정보: Using graphics context sun.java2d.SunGraphics2D[font=java.awt.Font[family=Dialog,name=Dialog,style=plain,size=12],color=java.awt.Color[r=255,g=255,b=255]]
12월 23, 2014 4:11:48 오후 org.eclipse.birt.chart.render.EmptyWithoutAxes renderSeries
정보: org.eclipse.birt.chart.render.EmptyWithoutAxes: renderSeries() [1/2]
12월 23, 2014 4:11:48 오후 org.eclipse.birt.chart.extension.render.Pie renderSeries
정보: {0}: renderSeries() [{1}/{2}]org.eclipse.birt.chart.extension.render.Pie22
12월 23, 2014 4:11:48 오후 org.eclipse.birt.chart.device.image.JavaxImageIOWriter after
정보: Using {0} image writer {1}pngcom.sun.imageio.plugins.png.PNGImageWriter
12월 23, 2014 4:11:48 오후 org.eclipse.birt.chart.device.swing.SwingDisplayServer <init>
정보: SWING Display Server: Oracle Corporation v1.8.0_20
12월 23, 2014 4:11:48 오후 org.eclipse.birt.chart.script.AbstractScriptHandler register
정보: Trying to load Chart Java event handler class...
12월 23, 2014 4:11:48 오후 org.eclipse.birt.chart.script.AbstractScriptHandler register
정보: A Chart Java event handler class [class org.eclipse.mat.impl.chart.LabelRenderScript] has been loaded successfully.
12월 23, 2014 4:11:48 오후 org.eclipse.birt.chart.device.swing.SwingRendererImpl prepareGraphicsContext
정보: Using graphics context sun.java2d.SunGraphics2D[font=java.awt.Font[family=Dialog,name=Dialog,style=plain,size=12],color=java.awt.Color[r=255,g=255,b=255]]
12월 23, 2014 4:11:48 오후 org.eclipse.birt.chart.render.EmptyWithoutAxes renderSeries
정보: org.eclipse.birt.chart.render.EmptyWithoutAxes: renderSeries() [1/2]
12월 23, 2014 4:11:48 오후 org.eclipse.birt.chart.extension.render.Pie renderSeries
정보: {0}: renderSeries() [{1}/{2}]org.eclipse.birt.chart.extension.render.Pie22
12월 23, 2014 4:11:48 오후 org.eclipse.birt.chart.device.image.JavaxImageIOWriter after
정보: Using {0} image writer {1}pngcom.sun.imageio.plugins.png.PNGImageWriter
12월 23, 2014 4:11:48 오후 org.eclipse.birt.chart.device.swing.SwingDisplayServer <init>
정보: SWING Display Server: Oracle Corporation v1.8.0_20
12월 23, 2014 4:11:48 오후 org.eclipse.birt.chart.script.AbstractScriptHandler register
정보: Trying to load Chart Java event handler class...
12월 23, 2014 4:11:48 오후 org.eclipse.birt.chart.script.AbstractScriptHandler register
정보: A Chart Java event handler class [class org.eclipse.mat.impl.chart.LabelRenderScript] has been loaded successfully.
12월 23, 2014 4:11:48 오후 org.eclipse.birt.chart.device.swing.SwingRendererImpl prepareGraphicsContext
정보: Using graphics context sun.java2d.SunGraphics2D[font=java.awt.Font[family=Dialog,name=Dialog,style=plain,size=12],color=java.awt.Color[r=255,g=255,b=255]]
12월 23, 2014 4:11:48 오후 org.eclipse.birt.chart.render.EmptyWithoutAxes renderSeries
정보: org.eclipse.birt.chart.render.EmptyWithoutAxes: renderSeries() [1/2]
12월 23, 2014 4:11:48 오후 org.eclipse.birt.chart.extension.render.Pie renderSeries
정보: {0}: renderSeries() [{1}/{2}]org.eclipse.birt.chart.extension.render.Pie22
12월 23, 2014 4:11:48 오후 org.eclipse.birt.chart.device.image.JavaxImageIOWriter after
정보: Using {0} image writer {1}pngcom.sun.imageio.plugins.png.PNGImageWriter
12월 23, 2014 4:17:32 오후 org.eclipse.birt.chart.device.swt.SwtDisplayServer <init>
정보: SWT Display Server: cocoa v4,430
12월 23, 2014 4:17:32 오후 org.eclipse.birt.chart.device.swt.SwtRendererImpl setProperty
정보: Using graphics context org.eclipse.swt.graphics.GC@GC {org.eclipse.swt.internal.cocoa.NSGraphicsContext{105553141833984}}
12월 23, 2014 4:17:32 오후 org.eclipse.birt.chart.script.AbstractScriptHandler register
정보: Trying to load Chart Java event handler class...
12월 23, 2014 4:17:32 오후 org.eclipse.birt.chart.script.AbstractScriptHandler register
정보: A Chart Java event handler class [class org.eclipse.mat.impl.chart.StorageUnitRenderScript] has been loaded successfully.
12월 23, 2014 4:17:32 오후 org.eclipse.birt.chart.render.EmptyWithoutAxes renderSeries
정보: org.eclipse.birt.chart.render.EmptyWithoutAxes: renderSeries() [1/2]
12월 23, 2014 4:17:32 오후 org.eclipse.birt.chart.extension.render.Pie renderSeries
정보: {0}: renderSeries() [{1}/{2}]org.eclipse.birt.chart.extension.render.Pie22
12월 23, 2014 4:17:37 오후 org.eclipse.birt.chart.device.swing.SwingDisplayServer <init>
정보: SWING Display Server: Oracle Corporation v1.8.0_20
12월 23, 2014 4:17:37 오후 org.eclipse.birt.chart.script.AbstractScriptHandler register
정보: Trying to load Chart Java event handler class...
12월 23, 2014 4:17:37 오후 org.eclipse.birt.chart.script.AbstractScriptHandler register
정보: A Chart Java event handler class [class org.eclipse.mat.impl.chart.LabelRenderScript] has been loaded successfully.
12월 23, 2014 4:17:37 오후 org.eclipse.birt.chart.device.swing.SwingRendererImpl prepareGraphicsContext
정보: Using graphics context sun.java2d.SunGraphics2D[font=java.awt.Font[family=Dialog,name=Dialog,style=plain,size=12],color=java.awt.Color[r=255,g=255,b=255]]
12월 23, 2014 4:17:37 오후 org.eclipse.birt.chart.render.EmptyWithoutAxes renderSeries
정보: org.eclipse.birt.chart.render.EmptyWithoutAxes: renderSeries() [1/2]
12월 23, 2014 4:17:37 오후 org.eclipse.birt.chart.extension.render.Pie renderSeries
정보: {0}: renderSeries() [{1}/{2}]org.eclipse.birt.chart.extension.render.Pie22
12월 23, 2014 4:17:37 오후 org.eclipse.birt.chart.device.image.JavaxImageIOWriter after
정보: Using {0} image writer {1}pngcom.sun.imageio.plugins.png.PNGImageWriter
12월 23, 2014 4:17:37 오후 org.eclipse.birt.chart.device.swing.SwingDisplayServer <init>
정보: SWING Display Server: Oracle Corporation v1.8.0_20
12월 23, 2014 4:17:37 오후 org.eclipse.birt.chart.script.AbstractScriptHandler register
정보: Trying to load Chart Java event handler class...
12월 23, 2014 4:17:37 오후 org.eclipse.birt.chart.script.AbstractScriptHandler register
정보: A Chart Java event handler class [class org.eclipse.mat.impl.chart.LabelRenderScript] has been loaded successfully.
12월 23, 2014 4:17:37 오후 org.eclipse.birt.chart.device.swing.SwingRendererImpl prepareGraphicsContext
정보: Using graphics context sun.java2d.SunGraphics2D[font=java.awt.Font[family=Dialog,name=Dialog,style=plain,size=12],color=java.awt.Color[r=255,g=255,b=255]]
12월 23, 2014 4:17:37 오후 org.eclipse.birt.chart.render.EmptyWithoutAxes renderSeries
정보: org.eclipse.birt.chart.render.EmptyWithoutAxes: renderSeries() [1/2]
12월 23, 2014 4:17:37 오후 org.eclipse.birt.chart.extension.render.Pie renderSeries
정보: {0}: renderSeries() [{1}/{2}]org.eclipse.birt.chart.extension.render.Pie22
12월 23, 2014 4:17:37 오후 org.eclipse.birt.chart.device.image.JavaxImageIOWriter after
정보: Using {0} image writer {1}pngcom.sun.imageio.plugins.png.PNGImageWriter
12월 23, 2014 4:17:38 오후 org.eclipse.birt.chart.device.swing.SwingDisplayServer <init>
정보: SWING Display Server: Oracle Corporation v1.8.0_20
12월 23, 2014 4:17:38 오후 org.eclipse.birt.chart.script.AbstractScriptHandler register
정보: Trying to load Chart Java event handler class...
12월 23, 2014 4:17:38 오후 org.eclipse.birt.chart.script.AbstractScriptHandler register
정보: A Chart Java event handler class [class org.eclipse.mat.impl.chart.LabelRenderScript] has been loaded successfully.
12월 23, 2014 4:17:38 오후 org.eclipse.birt.chart.device.swing.SwingRendererImpl prepareGraphicsContext
정보: Using graphics context sun.java2d.SunGraphics2D[font=java.awt.Font[family=Dialog,name=Dialog,style=plain,size=12],color=java.awt.Color[r=255,g=255,b=255]]
12월 23, 2014 4:17:38 오후 org.eclipse.birt.chart.render.EmptyWithoutAxes renderSeries
정보: org.eclipse.birt.chart.render.EmptyWithoutAxes: renderSeries() [1/2]
12월 23, 2014 4:17:38 오후 org.eclipse.birt.chart.extension.render.Pie renderSeries
정보: {0}: renderSeries() [{1}/{2}]org.eclipse.birt.chart.extension.render.Pie22
12월 23, 2014 4:17:38 오후 org.eclipse.birt.chart.device.image.JavaxImageIOWriter after
정보: Using {0} image writer {1}pngcom.sun.imageio.plugins.png.PNGImageWriter
12월 23, 2014 4:17:38 오후 org.eclipse.birt.chart.device.swing.SwingDisplayServer <init>
정보: SWING Display Server: Oracle Corporation v1.8.0_20
12월 23, 2014 4:17:38 오후 org.eclipse.birt.chart.script.AbstractScriptHandler register
정보: Trying to load Chart Java event handler class...
12월 23, 2014 4:17:38 오후 org.eclipse.birt.chart.script.AbstractScriptHandler register
정보: A Chart Java event handler class [class org.eclipse.mat.impl.chart.LabelRenderScript] has been loaded successfully.
12월 23, 2014 4:17:38 오후 org.eclipse.birt.chart.device.swing.SwingRendererImpl prepareGraphicsContext
정보: Using graphics context sun.java2d.SunGraphics2D[font=java.awt.Font[family=Dialog,name=Dialog,style=plain,size=12],color=java.awt.Color[r=255,g=255,b=255]]
12월 23, 2014 4:17:38 오후 org.eclipse.birt.chart.render.EmptyWithoutAxes renderSeries
정보: org.eclipse.birt.chart.render.EmptyWithoutAxes: renderSeries() [1/2]
12월 23, 2014 4:17:38 오후 org.eclipse.birt.chart.extension.render.Pie renderSeries
정보: {0}: renderSeries() [{1}/{2}]org.eclipse.birt.chart.extension.render.Pie22
12월 23, 2014 4:17:38 오후 org.eclipse.birt.chart.device.image.JavaxImageIOWriter after
정보: Using {0} image writer {1}pngcom.sun.imageio.plugins.png.PNGImageWriter
